<?xml version="1.0" encoding="UTF-8"?>
<!-- Generated by org.testng.reporters.JUnitXMLReporter -->
<testsuite ignored="0" hostname="MrB" failures="0" tests="4" name="CreateANewTwitterTest" time="29.384" errors="0" timestamp="2021-05-01T00:42:52 EDT">
  <testcase classname="TestCases.CreateAnewTweetTest" name="postNewTweet" time="6.522"/>
  <testcase classname="TestCases.CreateAnewTweetTest" name="postNewTweet" time="7.237"/>
  <testcase classname="TestCases.CreateAnewTweetTest" name="postNewTweet" time="7.398"/>
  <testcase classname="TestCases.CreateAnewTweetTest" name="postNewTweet" time="6.975"/>
</testsuite> <!-- CreateANewTwitterTest -->
