<?xml version="1.0" encoding="UTF-8"?>
<!-- Generated by org.testng.reporters.JUnitXMLReporter -->
<testsuite ignored="0" hostname="MrB" failures="0" tests="4" name="CreateANewTwitterTest" time="30.424" errors="0" timestamp="2021-04-30T03:02:20 EDT">
  <testcase classname="TestCases.CreateAnewTweetTest" name="postNewTweet" time="7.139"/>
  <testcase classname="TestCases.CreateAnewTweetTest" name="postNewTweet" time="7.359"/>
  <testcase classname="TestCases.CreateAnewTweetTest" name="postNewTweet" time="7.304"/>
  <testcase classname="TestCases.CreateAnewTweetTest" name="postNewTweet" time="7.173"/>
</testsuite> <!-- CreateANewTwitterTest -->
