<?xml version="1.0" encoding="UTF-8"?>
<!-- Generated by org.testng.reporters.JUnitXMLReporter -->
<testsuite ignored="0" hostname="MrB" failures="0" tests="3" name="ExploreTwitterTest" time="33.701" errors="0" timestamp="2021-05-01T00:42:23 EDT">
  <testcase classname="TestCases.SearchTwitterTest" name="SearchTwitter" time="11.043"/>
  <testcase classname="TestCases.SearchTwitterTest" name="SearchTwitter" time="10.827"/>
  <testcase classname="TestCases.SearchTwitterTest" name="SearchTwitter" time="10.882"/>
</testsuite> <!-- ExploreTwitterTest -->
