<?xml version="1.0" encoding="UTF-8"?>
<!-- Generated by org.testng.reporters.JUnitXMLReporter -->
<testsuite ignored="0" hostname="MrB" failures="0" tests="3" name="ExploreTwitterTest" time="33.22" errors="0" timestamp="2021-04-30T03:01:49 EDT">
  <testcase classname="TestCases.SearchTwitterTest" name="SearchTwitter" time="11.274"/>
  <testcase classname="TestCases.SearchTwitterTest" name="SearchTwitter" time="10.398"/>
  <testcase classname="TestCases.SearchTwitterTest" name="SearchTwitter" time="10.385"/>
</testsuite> <!-- ExploreTwitterTest -->
