<?xml version="1.0" encoding="UTF-8"?>
<!-- Generated by org.testng.reporters.JUnitXMLReporter -->
<testsuite ignored="0" hostname="MrB" failures="0" tests="3" name="LoginTest" time="18.886" errors="0" timestamp="2021-05-01T00:41:49 EDT">
  <testcase classname="TestCases.LoginTest" name="LoginTest" time="6.165"/>
  <testcase classname="TestCases.LoginTest" name="LoginTest" time="5.55"/>
  <testcase classname="TestCases.LoginTest" name="LoginTest" time="5.175"/>
</testsuite> <!-- LoginTest -->
