<?xml version="1.0" encoding="UTF-8"?>
<!-- Generated by org.testng.reporters.JUnitXMLReporter -->
<testsuite ignored="0" hostname="MrB" failures="0" tests="4" name="SendAMessageTest" time="78.187" errors="0" timestamp="2021-04-30T03:03:38 EDT">
  <testcase classname="TestCases.SendAMessageTest" name="sendMessages" time="19.473"/>
  <testcase classname="TestCases.SendAMessageTest" name="sendMessages" time="19.063"/>
  <testcase classname="TestCases.SendAMessageTest" name="sendMessages" time="19.15"/>
  <testcase classname="TestCases.SendAMessageTest" name="sendMessages" time="19.028"/>
</testsuite> <!-- SendAMessageTest -->
