<?xml version="1.0" encoding="UTF-8"?>
<!-- Generated by org.testng.reporters.JUnitXMLReporter -->
<testsuite ignored="0" hostname="MrB" failures="0" tests="4" name="SendAMessageTest" time="76.409" errors="0" timestamp="2021-05-01T00:44:08 EDT">
  <testcase classname="TestCases.SendAMessageTest" name="sendMessages" time="19.004"/>
  <testcase classname="TestCases.SendAMessageTest" name="sendMessages" time="18.662"/>
  <testcase classname="TestCases.SendAMessageTest" name="sendMessages" time="18.754"/>
  <testcase classname="TestCases.SendAMessageTest" name="sendMessages" time="18.714"/>
</testsuite> <!-- SendAMessageTest -->
