<?xml version="1.0" encoding="UTF-8"?>
<!-- Generated by org.testng.reporters.JUnitXMLReporter -->
<testsuite ignored="0" hostname="MrB" failures="3" tests="3" name="Test" time="5.384" errors="0" timestamp="2021-04-30T02:58:31 EDT">
  <testcase classname="TestCases.SearchTwitterTest" name="SearchTwitter" time="0.701">
    <failure type="java.lang.IllegalArgumentException" message="Keys to send should be a not null CharSequence">
      <![CDATA[java.lang.IllegalArgumentException: Keys to send should be a not null CharSequence
at org.openqa.selenium.remote.RemoteWebElement.sendKeys(RemoteWebElement.java:97)
at org.openqa.selenium.support.pagefactory.internal.LocatingElementHandler.invoke(LocatingElementHandler.java:51)
at com.sun.proxy.$Proxy29.sendKeys(Unknown Source)
at Pages.LoginPage.enterPassword(LoginPage.java:48)
at Pages.LoginPage.doSignIn(LoginPage.java:59)
at TestCases.SearchTwitterTest.SearchTwitter(SearchTwitterTest.java:19)
at java.base/java.util.ArrayList.forEach(ArrayList.java:1511)
... Removed 31 stack frames]]>
    </failure>
  </testcase> <!-- SearchTwitter -->
  <testcase classname="TestCases.SearchTwitterTest" name="SearchTwitter" time="0.58">
    <failure type="java.lang.IllegalArgumentException" message="Keys to send should be a not null CharSequence">
      <![CDATA[java.lang.IllegalArgumentException: Keys to send should be a not null CharSequence
at org.openqa.selenium.remote.RemoteWebElement.sendKeys(RemoteWebElement.java:97)
at org.openqa.selenium.support.pagefactory.internal.LocatingElementHandler.invoke(LocatingElementHandler.java:51)
at com.sun.proxy.$Proxy29.sendKeys(Unknown Source)
at Pages.LoginPage.enterPassword(LoginPage.java:48)
at Pages.LoginPage.doSignIn(LoginPage.java:59)
at TestCases.SearchTwitterTest.SearchTwitter(SearchTwitterTest.java:19)
at java.base/java.util.ArrayList.forEach(ArrayList.java:1511)
... Removed 31 stack frames]]>
    </failure>
  </testcase> <!-- SearchTwitter -->
  <testcase classname="TestCases.SearchTwitterTest" name="SearchTwitter" time="0.661">
    <failure type="java.lang.IllegalArgumentException" message="Keys to send should be a not null CharSequence">
      <![CDATA[java.lang.IllegalArgumentException: Keys to send should be a not null CharSequence
at org.openqa.selenium.remote.RemoteWebElement.sendKeys(RemoteWebElement.java:97)
at org.openqa.selenium.support.pagefactory.internal.LocatingElementHandler.invoke(LocatingElementHandler.java:51)
at com.sun.proxy.$Proxy29.sendKeys(Unknown Source)
at Pages.LoginPage.enterPassword(LoginPage.java:48)
at Pages.LoginPage.doSignIn(LoginPage.java:59)
at TestCases.SearchTwitterTest.SearchTwitter(SearchTwitterTest.java:19)
at java.base/java.util.ArrayList.forEach(ArrayList.java:1511)
... Removed 31 stack frames]]>
    </failure>
  </testcase> <!-- SearchTwitter -->
</testsuite> <!-- Test -->
